<?xml version="1.0" encoding="UTF-8"?>
<testsuite name="helloWorldExercise1.TestHelloWorldExercise1" tests="1" skipped="0" failures="0" errors="0" timestamp="2024-09-18T13:56:50" hostname="DESKTOP-TI3ADFC" time="0.017">
  <properties/>
  <testcase name="test" classname="helloWorldExercise1.TestHelloWorldExercise1" time="0.017"/>
  <system-out><![CDATA[]]></system-out>
  <system-err><![CDATA[]]></system-err>
</testsuite>
