<?xml version="1.0" encoding="UTF-8"?>
<testsuite name="Test" tests="1" skipped="0" failures="0" errors="0" timestamp="2024-09-12T16:11:15" hostname="DESKTOP-TI3ADFC" time="0.044">
  <properties/>
  <testcase name="testSolution()" classname="Test" time="0.044"/>
  <system-out><![CDATA[]]></system-out>
  <system-err><![CDATA[]]></system-err>
</testsuite>
